[debug] [2024-07-23T00:30:19.333Z] ----------------------------------------------------------------------
[debug] [2024-07-23T00:30:19.343Z] Command:       C:\Program Files\nodejs\node.exe C:\Users\Me\AppData\Roaming\npm\node_modules\firebase-tools\lib\bin\firebase.js deploy
[debug] [2024-07-23T00:30:19.343Z] CLI Version:   13.13.3
[debug] [2024-07-23T00:30:19.344Z] Platform:      win32
[debug] [2024-07-23T00:30:19.344Z] Node Version:  v20.14.0
[debug] [2024-07-23T00:30:19.344Z] Time:          Mon Jul 22 2024 19:30:19 GMT-0500 (hora estándar de Colombia)
[debug] [2024-07-23T00:30:19.344Z] ----------------------------------------------------------------------
[debug] 
[debug] [2024-07-23T00:30:19.433Z] > command requires scopes: ["email","openid","https://www.googleapis.com/auth/cloudplatformprojects.readonly","https://www.googleapis.com/auth/firebase","https://www.googleapis.com/auth/cloud-platform"]
[debug] [2024-07-23T00:30:19.434Z] > authorizing via signed-in user (lj534974@gmail.com)
[debug] [2024-07-23T00:30:19.434Z] [iam] checking project sandra-40e61 for permissions ["firebase.projects.get","firebasehosting.sites.update"]
[debug] [2024-07-23T00:30:19.437Z] >>> [apiv2][query] POST https://cloudresourcemanager.googleapis.com/v1/projects/sandra-40e61:testIamPermissions [none]
[debug] [2024-07-23T00:30:19.437Z] >>> [apiv2][(partial)header] POST https://cloudresourcemanager.googleapis.com/v1/projects/sandra-40e61:testIamPermissions x-goog-quota-user=projects/sandra-40e61
[debug] [2024-07-23T00:30:19.437Z] >>> [apiv2][body] POST https://cloudresourcemanager.googleapis.com/v1/projects/sandra-40e61:testIamPermissions {"permissions":["firebase.projects.get","firebasehosting.sites.update"]}
[debug] [2024-07-23T00:30:20.214Z] <<< [apiv2][status] POST https://cloudresourcemanager.googleapis.com/v1/projects/sandra-40e61:testIamPermissions 200
[debug] [2024-07-23T00:30:20.214Z] <<< [apiv2][body] POST https://cloudresourcemanager.googleapis.com/v1/projects/sandra-40e61:testIamPermissions {"permissions":["firebase.projects.get","firebasehosting.sites.update"]}
[debug] [2024-07-23T00:30:20.215Z] >>> [apiv2][query] GET https://firebase.googleapis.com/v1beta1/projects/sandra-40e61 [none]
[debug] [2024-07-23T00:30:39.509Z] *** [apiv2] error from fetch(https://firebase.googleapis.com/v1beta1/projects/sandra-40e61, {"headers":{},"method":"GET","signal":{}}): FetchError: request to https://firebase.googleapis.com/v1beta1/projects/sandra-40e61 failed, reason: read ECONNRESET
[debug] [2024-07-23T00:30:39.509Z] Failed to make request to https://firebase.googleapis.com/v1beta1/projects/sandra-40e61 (original: request to https://firebase.googleapis.com/v1beta1/projects/sandra-40e61 failed, reason: read ECONNRESET)
[error] 
[error] Error: Assertion failed: resolving hosting target of a site with no site name or target name. This should have caused an error earlier
[debug] [2024-07-23T00:31:26.404Z] ----------------------------------------------------------------------
[debug] [2024-07-23T00:31:26.408Z] Command:       C:\Program Files\nodejs\node.exe C:\Users\Me\AppData\Roaming\npm\node_modules\firebase-tools\lib\bin\firebase.js deploy
[debug] [2024-07-23T00:31:26.408Z] CLI Version:   13.13.3
[debug] [2024-07-23T00:31:26.409Z] Platform:      win32
[debug] [2024-07-23T00:31:26.409Z] Node Version:  v20.14.0
[debug] [2024-07-23T00:31:26.409Z] Time:          Mon Jul 22 2024 19:31:26 GMT-0500 (hora estándar de Colombia)
[debug] [2024-07-23T00:31:26.409Z] ----------------------------------------------------------------------
[debug] 
[debug] [2024-07-23T00:31:26.509Z] > command requires scopes: ["email","openid","https://www.googleapis.com/auth/cloudplatformprojects.readonly","https://www.googleapis.com/auth/firebase","https://www.googleapis.com/auth/cloud-platform"]
[debug] [2024-07-23T00:31:26.510Z] > authorizing via signed-in user (lj534974@gmail.com)
[debug] [2024-07-23T00:31:26.510Z] [iam] checking project sandra-40e61 for permissions ["firebase.projects.get","firebasehosting.sites.update"]
[debug] [2024-07-23T00:31:26.513Z] >>> [apiv2][query] POST https://cloudresourcemanager.googleapis.com/v1/projects/sandra-40e61:testIamPermissions [none]
[debug] [2024-07-23T00:31:26.514Z] >>> [apiv2][(partial)header] POST https://cloudresourcemanager.googleapis.com/v1/projects/sandra-40e61:testIamPermissions x-goog-quota-user=projects/sandra-40e61
[debug] [2024-07-23T00:31:26.514Z] >>> [apiv2][body] POST https://cloudresourcemanager.googleapis.com/v1/projects/sandra-40e61:testIamPermissions {"permissions":["firebase.projects.get","firebasehosting.sites.update"]}
[debug] [2024-07-23T00:31:27.283Z] <<< [apiv2][status] POST https://cloudresourcemanager.googleapis.com/v1/projects/sandra-40e61:testIamPermissions 200
[debug] [2024-07-23T00:31:27.284Z] <<< [apiv2][body] POST https://cloudresourcemanager.googleapis.com/v1/projects/sandra-40e61:testIamPermissions {"permissions":["firebase.projects.get","firebasehosting.sites.update"]}
[debug] [2024-07-23T00:31:27.284Z] >>> [apiv2][query] GET https://firebase.googleapis.com/v1beta1/projects/sandra-40e61 [none]
[debug] [2024-07-23T00:31:46.491Z] *** [apiv2] error from fetch(https://firebase.googleapis.com/v1beta1/projects/sandra-40e61, {"headers":{},"method":"GET","signal":{}}): FetchError: request to https://firebase.googleapis.com/v1beta1/projects/sandra-40e61 failed, reason: read ECONNRESET
[debug] [2024-07-23T00:31:46.491Z] Failed to make request to https://firebase.googleapis.com/v1beta1/projects/sandra-40e61 (original: request to https://firebase.googleapis.com/v1beta1/projects/sandra-40e61 failed, reason: read ECONNRESET)
[error] 
[error] Error: Assertion failed: resolving hosting target of a site with no site name or target name. This should have caused an error earlier
[debug] [2024-07-23T00:31:53.957Z] ----------------------------------------------------------------------
[debug] [2024-07-23T00:31:53.961Z] Command:       C:\Program Files\nodejs\node.exe C:\Users\Me\AppData\Roaming\npm\node_modules\firebase-tools\lib\bin\firebase.js deploy
[debug] [2024-07-23T00:31:53.961Z] CLI Version:   13.13.3
[debug] [2024-07-23T00:31:53.961Z] Platform:      win32
[debug] [2024-07-23T00:31:53.961Z] Node Version:  v20.14.0
[debug] [2024-07-23T00:31:53.962Z] Time:          Mon Jul 22 2024 19:31:53 GMT-0500 (hora estándar de Colombia)
[debug] [2024-07-23T00:31:53.962Z] ----------------------------------------------------------------------
[debug] 
[debug] [2024-07-23T00:31:54.053Z] > command requires scopes: ["email","openid","https://www.googleapis.com/auth/cloudplatformprojects.readonly","https://www.googleapis.com/auth/firebase","https://www.googleapis.com/auth/cloud-platform"]
[debug] [2024-07-23T00:31:54.054Z] > authorizing via signed-in user (lj534974@gmail.com)
[debug] [2024-07-23T00:31:54.054Z] [iam] checking project sandra-40e61 for permissions ["firebase.projects.get","firebasehosting.sites.update"]
[debug] [2024-07-23T00:31:54.058Z] >>> [apiv2][query] POST https://cloudresourcemanager.googleapis.com/v1/projects/sandra-40e61:testIamPermissions [none]
[debug] [2024-07-23T00:31:54.059Z] >>> [apiv2][(partial)header] POST https://cloudresourcemanager.googleapis.com/v1/projects/sandra-40e61:testIamPermissions x-goog-quota-user=projects/sandra-40e61
[debug] [2024-07-23T00:31:54.059Z] >>> [apiv2][body] POST https://cloudresourcemanager.googleapis.com/v1/projects/sandra-40e61:testIamPermissions {"permissions":["firebase.projects.get","firebasehosting.sites.update"]}
[debug] [2024-07-23T00:31:54.724Z] <<< [apiv2][status] POST https://cloudresourcemanager.googleapis.com/v1/projects/sandra-40e61:testIamPermissions 200
[debug] [2024-07-23T00:31:54.724Z] <<< [apiv2][body] POST https://cloudresourcemanager.googleapis.com/v1/projects/sandra-40e61:testIamPermissions {"permissions":["firebase.projects.get","firebasehosting.sites.update"]}
[debug] [2024-07-23T00:31:54.725Z] >>> [apiv2][query] GET https://firebase.googleapis.com/v1beta1/projects/sandra-40e61 [none]
[debug] [2024-07-23T00:32:13.928Z] *** [apiv2] error from fetch(https://firebase.googleapis.com/v1beta1/projects/sandra-40e61, {"headers":{},"method":"GET","signal":{}}): FetchError: request to https://firebase.googleapis.com/v1beta1/projects/sandra-40e61 failed, reason: read ECONNRESET
[debug] [2024-07-23T00:32:13.928Z] Failed to make request to https://firebase.googleapis.com/v1beta1/projects/sandra-40e61 (original: request to https://firebase.googleapis.com/v1beta1/projects/sandra-40e61 failed, reason: read ECONNRESET)
[error] 
[error] Error: Assertion failed: resolving hosting target of a site with no site name or target name. This should have caused an error earlier
